<?xml version="1.0" encoding="UTF-8"?>
<coverage generated="1540379664762" clover="3.2.0">
  <project timestamp="1540379664762" name="All files">
    <metrics statements="55" coveredstatements="52" conditionals="16" coveredconditionals="13" methods="11" coveredmethods="9" elements="82" coveredelements="74" complexity="0" loc="55" ncloc="55" packages="1" files="5" classes="5">
      <file name="generatePhoneNumbers.js" path="/Users/ugonna/Downloads/phonenumgen-api/generatePhoneNumbers.js">
        <metrics statements="8" coveredstatements="8" conditionals="4" coveredconditionals="3" methods="2" coveredmethods="2"/>
        <line num="3" count="3" type="stmt"/>
        <line num="4" count="4" type="stmt"/>
        <line num="5" count="4" type="stmt"/>
        <line num="6" count="20009" type="stmt"/>
        <line num="7" count="20009" type="stmt"/>
        <line num="10" count="266021" type="cond" truecount="3" falsecount="1"/>
        <line num="11" count="4" type="stmt"/>
        <line num="12" count="4" type="stmt"/>
      </file>
      <file name="generateRandomPhoneNumber.js" path="/Users/ugonna/Downloads/phonenumgen-api/generateRandomPhoneNumber.js">
        <metrics statements="3" coveredstatements="3" conditionals="0" coveredconditionals="0" methods="1" coveredmethods="1"/>
        <line num="1" count="3" type="stmt"/>
        <line num="2" count="3" type="stmt"/>
        <line num="4" count="20007" type="stmt"/>
      </file>
      <file name="saveFile.js" path="/Users/ugonna/Downloads/phonenumgen-api/saveFile.js">
        <metrics statements="6" coveredstatements="6" conditionals="0" coveredconditionals="0" methods="1" coveredmethods="1"/>
        <line num="3" count="3" type="stmt"/>
        <line num="4" count="4" type="stmt"/>
        <line num="5" count="4" type="stmt"/>
        <line num="6" count="3" type="stmt"/>
        <line num="7" count="3" type="stmt"/>
        <line num="9" count="1" type="stmt"/>
      </file>
      <file name="server.js" path="/Users/ugonna/Downloads/phonenumgen-api/server.js">
        <metrics statements="30" coveredstatements="27" conditionals="12" coveredconditionals="10" methods="5" coveredmethods="3"/>
        <line num="8" count="2" type="cond" truecount="2" falsecount="0"/>
        <line num="9" count="2" type="cond" truecount="2" falsecount="0"/>
        <line num="11" count="2" type="stmt"/>
        <line num="13" count="2" type="stmt"/>
        <line num="14" count="2" type="stmt"/>
        <line num="18" count="2" type="stmt"/>
        <line num="20" count="2" type="stmt"/>
        <line num="21" count="3" type="stmt"/>
        <line num="22" count="3" type="stmt"/>
        <line num="23" count="3" type="stmt"/>
        <line num="24" count="3" type="cond" truecount="4" falsecount="0"/>
        <line num="25" count="3" type="stmt"/>
        <line num="27" count="3" type="stmt"/>
        <line num="28" count="3" type="stmt"/>
        <line num="29" count="2" type="stmt"/>
        <line num="30" count="2" type="stmt"/>
        <line num="32" count="2" type="stmt"/>
        <line num="39" count="1" type="stmt"/>
        <line num="43" count="2" type="stmt"/>
        <line num="44" count="3" type="stmt"/>
        <line num="45" count="3" type="stmt"/>
        <line num="50" count="3" type="stmt"/>
        <line num="52" count="3" type="cond" truecount="2" falsecount="0"/>
        <line num="53" count="2" type="stmt"/>
        <line num="55" count="1" type="stmt"/>
        <line num="61" count="2" type="stmt"/>
        <line num="62" count="2" type="stmt"/>
        <line num="68" count="0" type="cond" truecount="0" falsecount="2"/>
        <line num="69" count="0" type="stmt"/>
        <line num="70" count="0" type="stmt"/>
      </file>
      <file name="writeToFile.js" path="/Users/ugonna/Downloads/phonenumgen-api/writeToFile.js">
        <metrics statements="8" coveredstatements="8" conditionals="0" coveredconditionals="0" methods="2" coveredmethods="2"/>
        <line num="4" count="1" type="stmt"/>
        <line num="5" count="4" type="stmt"/>
        <line num="7" count="4" type="stmt"/>
        <line num="12" count="4" type="stmt"/>
        <line num="13" count="4" type="stmt"/>
        <line num="14" count="20010" type="stmt"/>
        <line num="15" count="20010" type="stmt"/>
        <line num="18" count="4" type="stmt"/>
      </file>
    </metrics>
  </project>
</coverage>
