{"/Users/ugonna/Downloads/phonenumgen-api/generatePhoneNumbers.js": {"path":"/Users/ugonna/Downloads/phonenumgen-api/generatePhoneNumbers.js","statementMap":{"0":{"start":{"line":3,"column":24},"end":{"line":19,"column":1}},"1":{"start":{"line":4,"column":18},"end":{"line":4,"column":20}},"2":{"start":{"line":4,"column":40},"end":{"line":4,"column":44}},"3":{"start":{"line":5,"column":4},"end":{"line":8,"column":5}},"4":{"start":{"line":6,"column":8},"end":{"line":6,"column":49}},"5":{"start":{"line":7,"column":8},"end":{"line":7,"column":16}},"6":{"start":{"line":10,"column":4},"end":{"line":10,"column":53}},"7":{"start":{"line":10,"column":26},"end":{"line":10,"column":52}},"8":{"start":{"line":11,"column":4},"end":{"line":11,"column":45}},"9":{"start":{"line":12,"column":4},"end":{"line":18,"column":5}}},"fnMap":{"0":{"name":"(anonymous_0)","decl":{"start":{"line":3,"column":24},"end":{"line":3,"column":25}},"loc":{"start":{"line":3,"column":35},"end":{"line":19,"column":1}},"line":3},"1":{"name":"(anonymous_1)","decl":{"start":{"line":10,"column":17},"end":{"line":10,"column":18}},"loc":{"start":{"line":10,"column":26},"end":{"line":10,"column":52}},"line":10}},"branchMap":{"0":{"loc":{"start":{"line":10,"column":26},"end":{"line":10,"column":52}},"type":"cond-expr","locations":[{"start":{"line":10,"column":34},"end":{"line":10,"column":35}},{"start":{"line":10,"column":38},"end":{"line":10,"column":52}}],"line":10},"1":{"loc":{"start":{"line":10,"column":38},"end":{"line":10,"column":52}},"type":"cond-expr","locations":[{"start":{"line":10,"column":46},"end":{"line":10,"column":48}},{"start":{"line":10,"column":51},"end":{"line":10,"column":52}}],"line":10}},"s":{"0":3,"1":4,"2":4,"3":4,"4":20009,"5":20009,"6":4,"7":276773,"8":4,"9":4},"f":{"0":4,"1":276773},"b":{"0":[139763,137010],"1":[137010,0]},"_coverageSchema":"332fd63041d2c1bcb487cc26dd0d5f7d97098a6c","hash":"f465017bb15b020d4cf37d49d60a09b7cb79be11"}
,"/Users/ugonna/Downloads/phonenumgen-api/generateRandomPhoneNumber.js": {"path":"/Users/ugonna/Downloads/phonenumgen-api/generateRandomPhoneNumber.js","statementMap":{"0":{"start":{"line":1,"column":12},"end":{"line":1,"column":21}},"1":{"start":{"line":2,"column":12},"end":{"line":2,"column":21}},"2":{"start":{"line":4,"column":34},"end":{"line":4,"column":95}},"3":{"start":{"line":4,"column":40},"end":{"line":4,"column":95}}},"fnMap":{"0":{"name":"(anonymous_0)","decl":{"start":{"line":4,"column":34},"end":{"line":4,"column":35}},"loc":{"start":{"line":4,"column":40},"end":{"line":4,"column":95}},"line":4}},"branchMap":{},"s":{"0":3,"1":3,"2":3,"3":20007},"f":{"0":20007},"b":{},"_coverageSchema":"332fd63041d2c1bcb487cc26dd0d5f7d97098a6c","hash":"bb76974592289c6bb5e3dec01c83506ef2749917"}
,"/Users/ugonna/Downloads/phonenumgen-api/saveFile.js": {"path":"/Users/ugonna/Downloads/phonenumgen-api/saveFile.js","statementMap":{"0":{"start":{"line":3,"column":17},"end":{"line":11,"column":1}},"1":{"start":{"line":4,"column":4},"end":{"line":10,"column":5}},"2":{"start":{"line":5,"column":8},"end":{"line":5,"column":69}},"3":{"start":{"line":6,"column":8},"end":{"line":6,"column":71}},"4":{"start":{"line":7,"column":8},"end":{"line":7,"column":51}},"5":{"start":{"line":9,"column":8},"end":{"line":9,"column":57}}},"fnMap":{"0":{"name":"(anonymous_0)","decl":{"start":{"line":3,"column":17},"end":{"line":3,"column":18}},"loc":{"start":{"line":3,"column":63},"end":{"line":11,"column":1}},"line":3}},"branchMap":{},"s":{"0":3,"1":4,"2":4,"3":3,"4":3,"5":1},"f":{"0":4},"b":{},"_coverageSchema":"332fd63041d2c1bcb487cc26dd0d5f7d97098a6c","hash":"3aedd96da859d361984292d98c2178602a6ffd14"}
,"/Users/ugonna/Downloads/phonenumgen-api/server.js": {"path":"/Users/ugonna/Downloads/phonenumgen-api/server.js","statementMap":{"0":{"start":{"line":8,"column":13},"end":{"line":8,"column":37}},"1":{"start":{"line":9,"column":19},"end":{"line":9,"column":49}},"2":{"start":{"line":11,"column":12},"end":{"line":11,"column":21}},"3":{"start":{"line":13,"column":0},"end":{"line":13,"column":26}},"4":{"start":{"line":14,"column":0},"end":{"line":16,"column":3}},"5":{"start":{"line":18,"column":0},"end":{"line":18,"column":33}},"6":{"start":{"line":20,"column":0},"end":{"line":41,"column":2}},"7":{"start":{"line":21,"column":19},"end":{"line":21,"column":24}},"8":{"start":{"line":22,"column":21},"end":{"line":22,"column":36}},"9":{"start":{"line":23,"column":4},"end":{"line":23,"column":41}},"10":{"start":{"line":24,"column":16},"end":{"line":24,"column":78}},"11":{"start":{"line":25,"column":88},"end":{"line":25,"column":110}},"12":{"start":{"line":27,"column":4},"end":{"line":40,"column":5}},"13":{"start":{"line":28,"column":54},"end":{"line":28,"column":118}},"14":{"start":{"line":29,"column":12},"end":{"line":29,"column":50}},"15":{"start":{"line":30,"column":12},"end":{"line":30,"column":52}},"16":{"start":{"line":32,"column":12},"end":{"line":37,"column":14}},"17":{"start":{"line":39,"column":8},"end":{"line":39,"column":34}},"18":{"start":{"line":43,"column":0},"end":{"line":57,"column":2}},"19":{"start":{"line":44,"column":20},"end":{"line":44,"column":39}},"20":{"start":{"line":45,"column":17},"end":{"line":48,"column":5}},"21":{"start":{"line":50,"column":15},"end":{"line":50,"column":32}},"22":{"start":{"line":52,"column":4},"end":{"line":56,"column":5}},"23":{"start":{"line":53,"column":8},"end":{"line":53,"column":35}},"24":{"start":{"line":55,"column":8},"end":{"line":55,"column":95}},"25":{"start":{"line":61,"column":0},"end":{"line":73,"column":2}},"26":{"start":{"line":62,"column":4},"end":{"line":62,"column":64}},"27":{"start":{"line":68,"column":4},"end":{"line":72,"column":5}},"28":{"start":{"line":69,"column":8},"end":{"line":71,"column":10}},"29":{"start":{"line":70,"column":12},"end":{"line":70,"column":79}}},"fnMap":{"0":{"name":"(anonymous_0)","decl":{"start":{"line":20,"column":35},"end":{"line":20,"column":36}},"loc":{"start":{"line":20,"column":54},"end":{"line":41,"column":1}},"line":20},"1":{"name":"(anonymous_1)","decl":{"start":{"line":43,"column":44},"end":{"line":43,"column":45}},"loc":{"start":{"line":43,"column":58},"end":{"line":57,"column":1}},"line":43},"2":{"name":"(anonymous_2)","decl":{"start":{"line":61,"column":26},"end":{"line":61,"column":27}},"loc":{"start":{"line":61,"column":32},"end":{"line":63,"column":1}},"line":61},"3":{"name":"(anonymous_3)","decl":{"start":{"line":64,"column":15},"end":{"line":64,"column":16}},"loc":{"start":{"line":64,"column":24},"end":{"line":73,"column":1}},"line":64},"4":{"name":"(anonymous_4)","decl":{"start":{"line":69,"column":40},"end":{"line":69,"column":41}},"loc":{"start":{"line":69,"column":46},"end":{"line":71,"column":9}},"line":69}},"branchMap":{"0":{"loc":{"start":{"line":8,"column":13},"end":{"line":8,"column":37}},"type":"binary-expr","locations":[{"start":{"line":8,"column":13},"end":{"line":8,"column":29}},{"start":{"line":8,"column":33},"end":{"line":8,"column":37}}],"line":8},"1":{"loc":{"start":{"line":9,"column":19},"end":{"line":9,"column":49}},"type":"binary-expr","locations":[{"start":{"line":9,"column":19},"end":{"line":9,"column":41}},{"start":{"line":9,"column":45},"end":{"line":9,"column":49}}],"line":9},"2":{"loc":{"start":{"line":24,"column":16},"end":{"line":24,"column":78}},"type":"cond-expr","locations":[{"start":{"line":24,"column":57},"end":{"line":24,"column":65}},{"start":{"line":24,"column":68},"end":{"line":24,"column":78}}],"line":24},"3":{"loc":{"start":{"line":24,"column":17},"end":{"line":24,"column":53}},"type":"binary-expr","locations":[{"start":{"line":24,"column":17},"end":{"line":24,"column":28}},{"start":{"line":24,"column":32},"end":{"line":24,"column":53}}],"line":24},"4":{"loc":{"start":{"line":52,"column":4},"end":{"line":56,"column":5}},"type":"if","locations":[{"start":{"line":52,"column":4},"end":{"line":56,"column":5}},{"start":{"line":52,"column":4},"end":{"line":56,"column":5}}],"line":52},"5":{"loc":{"start":{"line":68,"column":4},"end":{"line":72,"column":5}},"type":"if","locations":[{"start":{"line":68,"column":4},"end":{"line":72,"column":5}},{"start":{"line":68,"column":4},"end":{"line":72,"column":5}}],"line":68}},"s":{"0":2,"1":2,"2":2,"3":2,"4":2,"5":2,"6":2,"7":3,"8":3,"9":3,"10":3,"11":3,"12":3,"13":3,"14":2,"15":2,"16":2,"17":1,"18":2,"19":3,"20":3,"21":3,"22":3,"23":2,"24":1,"25":2,"26":2,"27":0,"28":0,"29":0},"f":{"0":3,"1":3,"2":2,"3":0,"4":0},"b":{"0":[2,2],"1":[2,2],"2":[2,1],"3":[3,1],"4":[2,1],"5":[0,0]},"_coverageSchema":"332fd63041d2c1bcb487cc26dd0d5f7d97098a6c","hash":"f31c758795f56b1c022dea112885afc285520420"}
,"/Users/ugonna/Downloads/phonenumgen-api/writeToFile.js": {"path":"/Users/ugonna/Downloads/phonenumgen-api/writeToFile.js","statementMap":{"0":{"start":{"line":4,"column":20},"end":{"line":19,"column":1}},"1":{"start":{"line":5,"column":21},"end":{"line":5,"column":35}},"2":{"start":{"line":7,"column":22},"end":{"line":10,"column":6}},"3":{"start":{"line":12,"column":4},"end":{"line":12,"column":33}},"4":{"start":{"line":13,"column":4},"end":{"line":16,"column":7}},"5":{"start":{"line":14,"column":8},"end":{"line":14,"column":28}},"6":{"start":{"line":15,"column":8},"end":{"line":15,"column":29}},"7":{"start":{"line":18,"column":4},"end":{"line":18,"column":24}}},"fnMap":{"0":{"name":"(anonymous_0)","decl":{"start":{"line":4,"column":20},"end":{"line":4,"column":21}},"loc":{"start":{"line":4,"column":40},"end":{"line":19,"column":1}},"line":4},"1":{"name":"(anonymous_1)","decl":{"start":{"line":13,"column":16},"end":{"line":13,"column":17}},"loc":{"start":{"line":13,"column":23},"end":{"line":16,"column":5}},"line":13}},"branchMap":{},"s":{"0":1,"1":4,"2":4,"3":4,"4":4,"5":20010,"6":20010,"7":4},"f":{"0":4,"1":20010},"b":{},"_coverageSchema":"332fd63041d2c1bcb487cc26dd0d5f7d97098a6c","hash":"f701aacb56d2ad45270b6c43702b0ea4617796a7"}
}
