TN:
SF:/Users/ugonna/Downloads/phonenumgen-api/generatePhoneNumbers.js
FN:3,(anonymous_0)
FN:10,(anonymous_1)
FNF:2
FNH:2
FNDA:4,(anonymous_0)
FNDA:274730,(anonymous_1)
DA:3,3
DA:4,4
DA:5,4
DA:6,20009
DA:7,20009
DA:10,274730
DA:11,4
DA:12,4
LF:8
LH:8
BRDA:10,0,0,141622
BRDA:10,0,1,133108
BRDA:10,1,0,133108
BRDA:10,1,1,0
BRF:4
BRH:3
end_of_record
TN:
SF:/Users/ugonna/Downloads/phonenumgen-api/generateRandomPhoneNumber.js
FN:4,(anonymous_0)
FNF:1
FNH:1
FNDA:20007,(anonymous_0)
DA:1,3
DA:2,3
DA:4,20007
LF:3
LH:3
BRF:0
BRH:0
end_of_record
TN:
SF:/Users/ugonna/Downloads/phonenumgen-api/saveFile.js
FN:3,(anonymous_0)
FNF:1
FNH:1
FNDA:4,(anonymous_0)
DA:3,3
DA:4,4
DA:5,4
DA:6,3
DA:7,3
DA:9,1
LF:6
LH:6
BRF:0
BRH:0
end_of_record
TN:
SF:/Users/ugonna/Downloads/phonenumgen-api/server.js
FN:20,(anonymous_0)
FN:43,(anonymous_1)
FN:61,(anonymous_2)
FN:64,(anonymous_3)
FN:69,(anonymous_4)
FNF:5
FNH:3
FNDA:3,(anonymous_0)
FNDA:3,(anonymous_1)
FNDA:2,(anonymous_2)
FNDA:0,(anonymous_3)
FNDA:0,(anonymous_4)
DA:8,2
DA:9,2
DA:11,2
DA:13,2
DA:14,2
DA:18,2
DA:20,2
DA:21,3
DA:22,3
DA:23,3
DA:24,3
DA:25,3
DA:27,3
DA:28,3
DA:29,2
DA:30,2
DA:32,2
DA:39,1
DA:43,2
DA:44,3
DA:45,3
DA:50,3
DA:52,3
DA:53,2
DA:55,1
DA:61,2
DA:62,2
DA:68,0
DA:69,0
DA:70,0
LF:30
LH:27
BRDA:8,0,0,2
BRDA:8,0,1,2
BRDA:9,1,0,2
BRDA:9,1,1,2
BRDA:24,2,0,2
BRDA:24,2,1,1
BRDA:24,3,0,3
BRDA:24,3,1,1
BRDA:52,4,0,2
BRDA:52,4,1,1
BRDA:68,5,0,0
BRDA:68,5,1,0
BRF:12
BRH:10
end_of_record
TN:
SF:/Users/ugonna/Downloads/phonenumgen-api/writeToFile.js
FN:4,(anonymous_0)
FN:13,(anonymous_1)
FNF:2
FNH:2
FNDA:4,(anonymous_0)
FNDA:20010,(anonymous_1)
DA:4,1
DA:5,4
DA:7,4
DA:12,4
DA:13,4
DA:14,20010
DA:15,20010
DA:18,4
LF:8
LH:8
BRF:0
BRH:0
end_of_record
